<?xml version="1.0" encoding="UTF-8"?>
<!-- Generated by org.testng.reporters.JUnitReportReporter -->
<testsuite hostname="Laptom" failures="0" tests="1" name="radioButton" time="5.377" errors="0" timestamp="2024-05-03T11:38:17 EDT" skipped="0">
  <testcase classname="radioButton" name="clickOnRadioButootn" time="5.377"/>
</testsuite> <!-- radioButton -->
