<?xml version="1.0" encoding="UTF-8"?>
<!-- Generated by org.testng.reporters.JUnitReportReporter -->
<testsuite hostname="Laptom" failures="0" tests="1" name="AddNewLineInTextArea" time="1.591" errors="0" timestamp="2024-05-03T18:24:46 EDT" skipped="0">
  <testcase classname="AddNewLineInTextArea" name="addNewLine" time="1.591"/>
</testsuite> <!-- AddNewLineInTextArea -->
