<?xml version="1.0" encoding="UTF-8"?>
<!-- Generated by org.testng.reporters.JUnitReportReporter -->
<testsuite hostname="Laptom" failures="0" tests="1" name="rightClickOnContext" time="5.716" errors="0" timestamp="2024-05-02T17:35:15 EDT" skipped="0">
  <testcase classname="rightClickOnContext" name="contextClick" time="5.716"/>
</testsuite> <!-- rightClickOnContext -->
