<?xml version="1.0" encoding="UTF-8"?>
<!-- Generated by org.testng.reporters.JUnitReportReporter -->
<testsuite hostname="Laptom" failures="0" tests="1" name="scrollUpAndDown" time="8.593" errors="0" timestamp="2024-05-03T20:50:59 EDT" skipped="0">
  <testcase classname="scrollUpAndDown" name="scrollUpDown" time="8.593"/>
</testsuite> <!-- scrollUpAndDown -->
