<?xml version="1.0" encoding="UTF-8"?>
<!-- Generated by org.testng.reporters.JUnitReportReporter -->
<testsuite hostname="Laptom" failures="0" tests="1" name="pageSource" time="9.325" errors="0" timestamp="2024-05-03T11:59:33 EDT" skipped="0">
  <testcase classname="pageSource" name="setup" time="9.325"/>
</testsuite> <!-- pageSource -->
