<?xml version="1.0" encoding="UTF-8"?>
<!-- Generated by org.testng.reporters.JUnitReportReporter -->
<testsuite hostname="Laptom" failures="0" tests="1" name="pageTitle" time="12.766" errors="0" timestamp="2024-05-03T12:05:24 EDT" skipped="0">
  <testcase classname="pageTitle" name="setup" time="12.766"/>
</testsuite> <!-- pageTitle -->
