<?xml version="1.0" encoding="UTF-8"?>
<!-- Generated by org.testng.reporters.JUnitReportReporter -->
<testsuite hostname="Laptom" failures="0" tests="1" name="Select_Menu_item_In_A_Dropdown" time="5.020" errors="0" timestamp="2024-05-03T13:38:44 EDT" skipped="0">
  <testcase classname="Select_Menu_item_In_A_Dropdown" name="facebookDateofBirthDropdown" time="5.020"/>
</testsuite> <!-- Select_Menu_item_In_A_Dropdown -->
