<?xml version="1.0" encoding="UTF-8"?>
<!-- Generated by org.testng.reporters.JUnitReportReporter -->
<testsuite hostname="Laptom" failures="0" tests="1" name="resizeBrowser" time="5.675" errors="0" timestamp="2024-05-03T18:37:30 EDT" skipped="0">
  <testcase classname="resizeBrowser" name="resizeBrowserWindow" time="5.675"/>
</testsuite> <!-- resizeBrowser -->
